line profiling: sample.interval=1000
"gc" "system.time" 
"gc" "system.time" 
"gc" "system.time" 
"gc" "system.time" 
"gc" "system.time" 
"gc" "system.time" 
"gc" "system.time" 
"gc" "system.time" 
"gc" "system.time" 
"gc" "system.time" 
"gc" "system.time" 
"gc" "system.time" 
"gc" "system.time" 
"gc" "system.time" 
"gc" "system.time" 
"gc" "system.time" 
"gc" "system.time" 
"gc" "system.time" 
"gc" "system.time" 
"gc" "system.time" 
"gc" "system.time" 
"gc" "system.time" 
"gc" "system.time" 
"gc" "system.time" 
"gc" "system.time" 
"gc" "system.time" 
"gc" "system.time" 
"gc" "system.time" 
"gc" "system.time" 
"gc" "system.time" 
"gc" "system.time" 
"gc" "system.time" 
"gc" "system.time" 
"gc" "system.time" 
"gc" "system.time" 
"gc" "system.time" 
"gc" "system.time" 
"gc" "system.time" 
"gc" "system.time" 
"gc" "system.time" 
"gc" "system.time" 
"gc" "system.time" 
"gc" "system.time" 
"gc" "system.time" 
#File 1: 
".Call" "stsm_xt_sqi" "[.sparsetsmat" 1#1 "[" 1#1 "FUN" "lapply" "sapply" "system.time" 
".Call" "stsm_xt_sqi" "[.sparsetsmat" 1#1 "[" 1#1 "FUN" "lapply" "sapply" "system.time" 
"proc.time" "system.time" 
"gc" "system.time" 
"gc" "system.time" 
"gc" "system.time" 
"gc" "system.time" 
"gc" "system.time" 
"gc" "system.time" 
"gc" "system.time" 
"gc" "system.time" 
"gc" "system.time" 
"gc" "system.time" 
"gc" "system.time" 
"gc" "system.time" 
"gc" "system.time" 
"gc" "system.time" 
"gc" "system.time" 
"gc" "system.time" 
"gc" "system.time" 
"gc" "system.time" 
"gc" "system.time" 
"gc" "system.time" 
"gc" "system.time" 
"$" "[.sparsetsmat" 1#1 "[" 1#1 "FUN" "lapply" "sapply" "system.time" 
"[.sparsetsmat" 1#1 "[" 1#1 "FUN" "lapply" "sapply" "system.time" 
"[.sparsetsmat" 1#1 "[" 1#1 "FUN" "lapply" "sapply" "system.time" 
"dim" "dim" "[.sparsetsmat" 1#1 "[" 1#1 "FUN" "lapply" "sapply" "system.time" 
"length" "length" "[.sparsetsmat" 1#1 "[" 1#1 "FUN" "lapply" "sapply" "system.time" 
"==" "isTRUE" "[.sparsetsmat" 1#1 "[" 1#1 "FUN" "lapply" "sapply" "system.time" 
".Call" "stsm_xt_sqi" "[.sparsetsmat" 1#1 "[" 1#1 "FUN" "lapply" "sapply" "system.time" 
"as.integer" "[.sparsetsmat" 1#1 "[" 1#1 "FUN" "lapply" "sapply" "system.time" 
"[.sparsetsmat" 1#1 "[" 1#1 "FUN" "lapply" "sapply" "system.time" 
"[.sparsetsmat" 1#1 "[" 1#1 "FUN" "lapply" "sapply" "system.time" 
"==" "isTRUE" "[.sparsetsmat" 1#1 "[" 1#1 "FUN" "lapply" "sapply" "system.time" 
"==" "isTRUE" "[.sparsetsmat" 1#1 "[" 1#1 "FUN" "lapply" "sapply" "system.time" 
"[.sparsetsmat" 1#1 "[" 1#1 "FUN" "lapply" "sapply" "system.time" 
"$" "[.sparsetsmat" 1#1 "[" 1#1 "FUN" "lapply" "sapply" "system.time" 
"length" "length" "[.sparsetsmat" 1#1 "[" 1#1 "FUN" "lapply" "sapply" "system.time" 
"as.integer" "[.sparsetsmat" 1#1 "[" 1#1 "FUN" "lapply" "sapply" "system.time" 
".Call" "stsm_xt_sqi" "[.sparsetsmat" 1#1 "[" 1#1 "FUN" "lapply" "sapply" "system.time" 
"[.sparsetsmat" 1#1 "[" 1#1 "FUN" "lapply" "sapply" "system.time" 
"[.sparsetsmat" 1#1 "[" 1#1 "FUN" "lapply" "sapply" "system.time" 
"seq.default" "seq" "[.sparsetsmat" 1#1 "[" 1#1 "FUN" "lapply" "sapply" "system.time" 
"lapply" "sapply" "system.time" 
"length" "length" "[.sparsetsmat" 1#1 "[" 1#1 "FUN" "lapply" "sapply" "system.time" 
"seq_len" "seq.default" "seq" "[.sparsetsmat" 1#1 "[" 1#1 "FUN" "lapply" "sapply" "system.time" 
"$" "stsm_xt_sqi" "[.sparsetsmat" 1#1 "[" 1#1 "FUN" "lapply" "sapply" "system.time" 
".Call" "stsm_xt_sqi" "[.sparsetsmat" 1#1 "[" 1#1 "FUN" "lapply" "sapply" "system.time" 
"[.sparsetsmat" 1#1 "[" 1#1 "FUN" "lapply" "sapply" "system.time" 
"==" "isTRUE" "[.sparsetsmat" 1#1 "[" 1#1 "FUN" "lapply" "sapply" "system.time" 
".Call" "stsm_xt_sqi" "[.sparsetsmat" 1#1 "[" 1#1 "FUN" "lapply" "sapply" "system.time" 
"==" "isTRUE" "[.sparsetsmat" 1#1 "[" 1#1 "FUN" "lapply" "sapply" "system.time" 
"[.sparsetsmat" 1#1 "[" 1#1 "FUN" "lapply" "sapply" "system.time" 
"is.factor.default" "is.factor" "[.sparsetsmat" 1#1 "[" 1#1 "FUN" "lapply" "sapply" "system.time" 
"proc.time" "system.time" 
"standardGeneric" "print" 
"standardGeneric" "print" 
"standardGeneric" "print" 
"standardGeneric" "print" 
"standardGeneric" "print" 
"standardGeneric" "print" 
"standardGeneric" "print" 
"standardGeneric" "print" 
"match.arg" "sink" "capture.output" "paste" "gsub" "doTryCatch" "tryCatchOne" "tryCatchList" "tryCatch" "try" 
"gc" "system.time" 
"gc" "system.time" 
"gc" "system.time" 
"gc" "system.time" 
"gc" "system.time" 
"gc" "system.time" 
"gc" "system.time" 
"gc" "system.time" 
"gc" "system.time" 
"gc" "system.time" 
"gc" "system.time" 
"gc" "system.time" 
"gc" "system.time" 
"gc" "system.time" 
"gc" "system.time" 
"gc" "system.time" 
"gc" "system.time" 
"gc" "system.time" 
"gc" "system.time" 
"gc" "system.time" 
"gc" "system.time" 
"gc" "system.time" 
"gc" "system.time" 
"gc" "system.time" 
"gc" "system.time" 
"any" "isTRUE" "[.sparsetsmat" 1#1 "[" 1#1 "FUN" "lapply" "sapply" "system.time" 
".Call" "stsm_xt_sqi" "[.sparsetsmat" 1#1 "[" 1#1 "FUN" "lapply" "sapply" "system.time" 
".Call" "stsm_xt_sqi" "[.sparsetsmat" 1#1 "[" 1#1 "FUN" "lapply" "sapply" "system.time" 
"[.sparsetsmat" 1#1 "[" 1#1 "FUN" "lapply" "sapply" "system.time" 
"==" "isTRUE" "[.sparsetsmat" 1#1 "[" 1#1 "FUN" "lapply" "sapply" "system.time" 
"==" "isTRUE" "[.sparsetsmat" 1#1 "[" 1#1 "FUN" "lapply" "sapply" "system.time" 
1#1 "[" 1#1 "FUN" "lapply" "sapply" "system.time" 
"as.integer" "[.sparsetsmat" 1#1 "[" 1#1 "FUN" "lapply" "sapply" "system.time" 
"is.numeric" "is.numeric" "[.sparsetsmat" 1#1 "[" 1#1 "FUN" "lapply" "sapply" "system.time" 
".Call" "stsm_xt_sqi" "[.sparsetsmat" 1#1 "[" 1#1 "FUN" "lapply" "sapply" "system.time" 
"[.sparsetsmat" 1#1 "[" 1#1 "FUN" "lapply" "sapply" "system.time" 
"seq.default" "seq" "[.sparsetsmat" 1#1 "[" 1#1 "FUN" "lapply" "sapply" "system.time" 
"$" "[.sparsetsmat" 1#1 "[" 1#1 "FUN" "lapply" "sapply" "system.time" 
"[.sparsetsmat" 1#1 "[" 1#1 "FUN" "lapply" "sapply" "system.time" 
"[.sparsetsmat" 1#1 "[" 1#1 "FUN" "lapply" "sapply" "system.time" 
".Call" "stsm_xt_sqi" "[.sparsetsmat" 1#1 "[" 1#1 "FUN" "lapply" "sapply" "system.time" 
"as.integer" "[.sparsetsmat" 1#1 "[" 1#1 "FUN" "lapply" "sapply" "system.time" 
"[.sparsetsmat" 1#1 "[" 1#1 "FUN" "lapply" "sapply" "system.time" 
"[.sparsetsmat" 1#1 "[" 1#1 "FUN" "lapply" "sapply" "system.time" 
"stsm_xt_sqi" "[.sparsetsmat" 1#1 "[" 1#1 "FUN" "lapply" "sapply" "system.time" 
".Call" "stsm_xt_sqi" "[.sparsetsmat" 1#1 "[" 1#1 "FUN" "lapply" "sapply" "system.time" 
"[.sparsetsmat" 1#1 "[" 1#1 "FUN" "lapply" "sapply" "system.time" 
"seq_len" "seq.default" "seq" "[.sparsetsmat" 1#1 "[" 1#1 "FUN" "lapply" "sapply" "system.time" 
"[.sparsetsmat" 1#1 "[" 1#1 "FUN" "lapply" "sapply" "system.time" 
"==" "isTRUE" "[.sparsetsmat" 1#1 "[" 1#1 "FUN" "lapply" "sapply" "system.time" 
"[.sparsetsmat" 1#1 "[" 1#1 "FUN" "lapply" "sapply" "system.time" 
".Call" "stsm_xt_sqi" "[.sparsetsmat" 1#1 "[" 1#1 "FUN" "lapply" "sapply" "system.time" 
"seq" "[.sparsetsmat" 1#1 "[" 1#1 "FUN" "lapply" "sapply" "system.time" 
"stsm_xt_sqi" "[.sparsetsmat" 1#1 "[" 1#1 "FUN" "lapply" "sapply" "system.time" 
"==" "isTRUE" "[.sparsetsmat" 1#1 "[" 1#1 "FUN" "lapply" "sapply" "system.time" 
"is.factor" "[.sparsetsmat" 1#1 "[" 1#1 "FUN" "lapply" "sapply" "system.time" 
"[.sparsetsmat" 1#1 "[" 1#1 "FUN" "lapply" "sapply" "system.time" 
"[.sparsetsmat" 1#1 "[" 1#1 "FUN" "lapply" "sapply" "system.time" 
"[.sparsetsmat" 1#1 "[" 1#1 "FUN" "lapply" "sapply" "system.time" 
"[.sparsetsmat" 1#1 "[" 1#1 "FUN" "lapply" "sapply" "system.time" 
"[.sparsetsmat" 1#1 "[" 1#1 "FUN" "lapply" "sapply" "system.time" 
"[.sparsetsmat" 1#1 "[" 1#1 "FUN" "lapply" "sapply" "system.time" 
"[.sparsetsmat" 1#1 "[" 1#1 "FUN" "lapply" "sapply" "system.time" 
"[.sparsetsmat" 1#1 "[" 1#1 "FUN" "lapply" "sapply" "system.time" 
"[.sparsetsmat" 1#1 "[" 1#1 "FUN" "lapply" "sapply" "system.time" 
"[.sparsetsmat" 1#1 "[" 1#1 "FUN" "lapply" "sapply" "system.time" 
"[.sparsetsmat" 1#1 "[" 1#1 "FUN" "lapply" "sapply" "system.time" 
".Call" "stsm_xt_sqi" "[.sparsetsmat" 1#1 "[" 1#1 "FUN" "lapply" "sapply" "system.time" 
"[.sparsetsmat" 1#1 "[" 1#1 "FUN" "lapply" "sapply" "system.time" 
"[.sparsetsmat" 1#1 "[" 1#1 "FUN" "lapply" "sapply" "system.time" 
"$" "inherits" "[.sparsetsmat" 1#1 "[" 1#1 "FUN" "lapply" "sapply" "system.time" 
"as.integer" "[.sparsetsmat" 1#1 "[" 1#1 "FUN" "lapply" "sapply" "system.time" 
"[.sparsetsmat" 1#1 "[" 1#1 "FUN" "lapply" "sapply" "system.time" 
"$" "[.sparsetsmat" 1#1 "[" 1#1 "FUN" "lapply" "sapply" "system.time" 
"[.sparsetsmat" 1#1 "[" 1#1 "FUN" "lapply" "sapply" "system.time" 
"inherits" "[.sparsetsmat" 1#1 "[" 1#1 "FUN" "lapply" "sapply" "system.time" 
"[.sparsetsmat" 1#1 "[" 1#1 "FUN" "lapply" "sapply" "system.time" 
"as.integer" "[.sparsetsmat" 1#1 "[" 1#1 "FUN" "lapply" "sapply" "system.time" 
"is.factor" "[.sparsetsmat" 1#1 "[" 1#1 "FUN" "lapply" "sapply" "system.time" 
".Call" "stsm_xt_sqi" "[.sparsetsmat" 1#1 "[" 1#1 "FUN" "lapply" "sapply" "system.time" 
"[.sparsetsmat" 1#1 "[" 1#1 "FUN" "lapply" "sapply" "system.time" 
"[.sparsetsmat" 1#1 "[" 1#1 "FUN" "lapply" "sapply" "system.time" 
"$" "[.sparsetsmat" 1#1 "[" 1#1 "FUN" "lapply" "sapply" "system.time" 
"==" "isTRUE" "[.sparsetsmat" 1#1 "[" 1#1 "FUN" "lapply" "sapply" "system.time" 
"seq_len" "seq.default" "seq" "[.sparsetsmat" 1#1 "[" 1#1 "FUN" "lapply" "sapply" "system.time" 
".Call" "stsm_xt_sqi" "[.sparsetsmat" 1#1 "[" 1#1 "FUN" "lapply" "sapply" "system.time" 
"[.sparsetsmat" 1#1 "[" 1#1 "FUN" "lapply" "sapply" "system.time" 
".Call" "stsm_xt_sqi" "[.sparsetsmat" 1#1 "[" 1#1 "FUN" "lapply" "sapply" "system.time" 
".Call" "stsm_xt_sqi" "[.sparsetsmat" 1#1 "[" 1#1 "FUN" "lapply" "sapply" "system.time" 
"seq.default" "seq" "[.sparsetsmat" 1#1 "[" 1#1 "FUN" "lapply" "sapply" "system.time" 
"as.integer" "as.integer" "[.sparsetsmat" 1#1 "[" 1#1 "FUN" "lapply" "sapply" "system.time" 
"==" "isTRUE" "[.sparsetsmat" 1#1 "[" 1#1 "FUN" "lapply" "sapply" "system.time" 
"[.sparsetsmat" 1#1 "[" 1#1 "FUN" "lapply" "sapply" "system.time" 
"$" "stsm_xt_sqi" "[.sparsetsmat" 1#1 "[" 1#1 "FUN" "lapply" "sapply" "system.time" 
"==" "isTRUE" "[.sparsetsmat" 1#1 "[" 1#1 "FUN" "lapply" "sapply" "system.time" 
"[.sparsetsmat" 1#1 "[" 1#1 "FUN" "lapply" "sapply" "system.time" 
".Call" "stsm_xt_sqi" "[.sparsetsmat" 1#1 "[" 1#1 "FUN" "lapply" "sapply" "system.time" 
"[.sparsetsmat" 1#1 "[" 1#1 "FUN" "lapply" "sapply" "system.time" 
".Call" "stsm_xt_sqi" "[.sparsetsmat" 1#1 "[" 1#1 "FUN" "lapply" "sapply" "system.time" 
".Call" "stsm_xt_sqi" "[.sparsetsmat" 1#1 "[" 1#1 "FUN" "lapply" "sapply" "system.time" 
".Call" "stsm_xt_sqi" "[.sparsetsmat" 1#1 "[" 1#1 "FUN" "lapply" "sapply" "system.time" 
".Call" "stsm_xt_sqi" "[.sparsetsmat" 1#1 "[" 1#1 "FUN" "lapply" "sapply" "system.time" 
".Call" "stsm_xt_sqi" "[.sparsetsmat" 1#1 "[" 1#1 "FUN" "lapply" "sapply" "system.time" 
".Call" "stsm_xt_sqi" "[.sparsetsmat" 1#1 "[" 1#1 "FUN" "lapply" "sapply" "system.time" 
".Call" "stsm_xt_sqi" "[.sparsetsmat" 1#1 "[" 1#1 "FUN" "lapply" "sapply" "system.time" 
".Call" "stsm_xt_sqi" "[.sparsetsmat" 1#1 "[" 1#1 "FUN" "lapply" "sapply" "system.time" 
".Call" "stsm_xt_sqi" "[.sparsetsmat" 1#1 "[" 1#1 "FUN" "lapply" "sapply" "system.time" 
".Call" "stsm_xt_sqi" "[.sparsetsmat" 1#1 "[" 1#1 "FUN" "lapply" "sapply" "system.time" 
".Call" "stsm_xt_sqi" "[.sparsetsmat" 1#1 "[" 1#1 "FUN" "lapply" "sapply" "system.time" 
"is.null" "[.sparsetsmat" 1#1 "[" 1#1 "FUN" "lapply" "sapply" "system.time" 
".Call" "stsm_xt_sqi" "[.sparsetsmat" 1#1 "[" 1#1 "FUN" "lapply" "sapply" "system.time" 
"[.sparsetsmat" 1#1 "[" 1#1 "FUN" "lapply" "sapply" "system.time" 
"dim" "dim" "[.sparsetsmat" 1#1 "[" 1#1 "FUN" "lapply" "sapply" "system.time" 
"$" "[.sparsetsmat" 1#1 "[" 1#1 "FUN" "lapply" "sapply" "system.time" 
"==" "isTRUE" "[.sparsetsmat" 1#1 "[" 1#1 "FUN" "lapply" "sapply" "system.time" 
"$" "[.sparsetsmat" 1#1 "[" 1#1 "FUN" "lapply" "sapply" "system.time" 
".Call" "stsm_xt_sqi" "[.sparsetsmat" 1#1 "[" 1#1 "FUN" "lapply" "sapply" "system.time" 
"==" "isTRUE" "[.sparsetsmat" 1#1 "[" 1#1 "FUN" "lapply" "sapply" "system.time" 
"is.factor" "[.sparsetsmat" 1#1 "[" 1#1 "FUN" "lapply" "sapply" "system.time" 
".Call" "stsm_xt_sqi" "[.sparsetsmat" 1#1 "[" 1#1 "FUN" "lapply" "sapply" "system.time" 
"$" "[.sparsetsmat" 1#1 "[" 1#1 "FUN" "lapply" "sapply" "system.time" 
"[.sparsetsmat" 1#1 "[" 1#1 "FUN" "lapply" "sapply" "system.time" 
"[.sparsetsmat" 1#1 "[" 1#1 "FUN" "lapply" "sapply" "system.time" 
"[.sparsetsmat" 1#1 "[" 1#1 "FUN" "lapply" "sapply" "system.time" 
".Call" "stsm_xt_sqi" "[.sparsetsmat" 1#1 "[" 1#1 "FUN" "lapply" "sapply" "system.time" 
"==" "isTRUE" "[.sparsetsmat" 1#1 "[" 1#1 "FUN" "lapply" "sapply" "system.time" 
"stsm_xt_sqi" "[.sparsetsmat" 1#1 "[" 1#1 "FUN" "lapply" "sapply" "system.time" 
"[.sparsetsmat" 1#1 "[" 1#1 "FUN" "lapply" "sapply" "system.time" 
"==" "isTRUE" "[.sparsetsmat" 1#1 "[" 1#1 "FUN" "lapply" "sapply" "system.time" 
".Call" "stsm_xt_sqi" "[.sparsetsmat" 1#1 "[" 1#1 "FUN" "lapply" "sapply" "system.time" 
"is.factor" "[.sparsetsmat" 1#1 "[" 1#1 "FUN" "lapply" "sapply" "system.time" 
"==" "isTRUE" "[.sparsetsmat" 1#1 "[" 1#1 "FUN" "lapply" "sapply" "system.time" 
"==" "isTRUE" "[.sparsetsmat" 1#1 "[" 1#1 "FUN" "lapply" "sapply" "system.time" 
"==" "isTRUE" "[.sparsetsmat" 1#1 "[" 1#1 "FUN" "lapply" "sapply" "system.time" 
".Call" "stsm_xt_sqi" "[.sparsetsmat" 1#1 "[" 1#1 "FUN" "lapply" "sapply" "system.time" 
"seq_len" "seq.default" "seq" "[.sparsetsmat" 1#1 "[" 1#1 "FUN" "lapply" "sapply" "system.time" 
".Call" "stsm_xt_sqi" "[.sparsetsmat" 1#1 "[" 1#1 "FUN" "lapply" "sapply" "system.time" 
"stsm_xt_sqi" "[.sparsetsmat" 1#1 "[" 1#1 "FUN" "lapply" "sapply" "system.time" 
"stsm_xt_sqi" "[.sparsetsmat" 1#1 "[" 1#1 "FUN" "lapply" "sapply" "system.time" 
"stsm_xt_sqi" "[.sparsetsmat" 1#1 "[" 1#1 "FUN" "lapply" "sapply" "system.time" 
"stsm_xt_sqi" "[.sparsetsmat" 1#1 "[" 1#1 "FUN" "lapply" "sapply" "system.time" 
"stsm_xt_sqi" "[.sparsetsmat" 1#1 "[" 1#1 "FUN" "lapply" "sapply" "system.time" 
"stsm_xt_sqi" "[.sparsetsmat" 1#1 "[" 1#1 "FUN" "lapply" "sapply" "system.time" 
"stsm_xt_sqi" "[.sparsetsmat" 1#1 "[" 1#1 "FUN" "lapply" "sapply" "system.time" 
"stsm_xt_sqi" "[.sparsetsmat" 1#1 "[" 1#1 "FUN" "lapply" "sapply" "system.time" 
"stsm_xt_sqi" "[.sparsetsmat" 1#1 "[" 1#1 "FUN" "lapply" "sapply" "system.time" 
"length" "length" "[.sparsetsmat" 1#1 "[" 1#1 "FUN" "lapply" "sapply" "system.time" 
"[.sparsetsmat" 1#1 "[" 1#1 "FUN" "lapply" "sapply" "system.time" 
"[.sparsetsmat" 1#1 "[" 1#1 "FUN" "lapply" "sapply" "system.time" 
".Call" "stsm_xt_sqi" "[.sparsetsmat" 1#1 "[" 1#1 "FUN" "lapply" "sapply" "system.time" 
"inherits" "[.sparsetsmat" 1#1 "[" 1#1 "FUN" "lapply" "sapply" "system.time" 
"[.sparsetsmat" 1#1 "[" 1#1 "FUN" "lapply" "sapply" "system.time" 
"$" "stsm_xt_sqi" "[.sparsetsmat" 1#1 "[" 1#1 "FUN" "lapply" "sapply" "system.time" 
"seq_len" "seq.default" "seq" "[.sparsetsmat" 1#1 "[" 1#1 "FUN" "lapply" "sapply" "system.time" 
"==" "isTRUE" "[.sparsetsmat" 1#1 "[" 1#1 "FUN" "lapply" "sapply" "system.time" 
"==" "isTRUE" "[.sparsetsmat" 1#1 "[" 1#1 "FUN" "lapply" "sapply" "system.time" 
"[.sparsetsmat" 1#1 "[" 1#1 "FUN" "lapply" "sapply" "system.time" 
"isTRUE" "[.sparsetsmat" 1#1 "[" 1#1 "FUN" "lapply" "sapply" "system.time" 
"==" "isTRUE" "[.sparsetsmat" 1#1 "[" 1#1 "FUN" "lapply" "sapply" "system.time" 
".Call" "stsm_xt_sqi" "[.sparsetsmat" 1#1 "[" 1#1 "FUN" "lapply" "sapply" "system.time" 
"length" "length" "[.sparsetsmat" 1#1 "[" 1#1 "FUN" "lapply" "sapply" "system.time" 
"seq" "[.sparsetsmat" 1#1 "[" 1#1 "FUN" "lapply" "sapply" "system.time" 
"==" "isTRUE" "[.sparsetsmat" 1#1 "[" 1#1 "FUN" "lapply" "sapply" "system.time" 
".Call" "stsm_xt_sqi" "[.sparsetsmat" 1#1 "[" 1#1 "FUN" "lapply" "sapply" "system.time" 
".Call" "stsm_xt_sqi" "[.sparsetsmat" 1#1 "[" 1#1 "FUN" "lapply" "sapply" "system.time" 
"isTRUE" "[.sparsetsmat" 1#1 "[" 1#1 "FUN" "lapply" "sapply" "system.time" 
"[.sparsetsmat" 1#1 "[" 1#1 "FUN" "lapply" "sapply" "system.time" 
"inherits" "[.sparsetsmat" 1#1 "[" 1#1 "FUN" "lapply" "sapply" "system.time" 
"==" "isTRUE" "[.sparsetsmat" 1#1 "[" 1#1 "FUN" "lapply" "sapply" "system.time" 
".Call" "stsm_xt_sqi" "[.sparsetsmat" 1#1 "[" 1#1 "FUN" "lapply" "sapply" "system.time" 
"is.factor" "[.sparsetsmat" 1#1 "[" 1#1 "FUN" "lapply" "sapply" "system.time" 
".Call" "stsm_xt_sqi" "[.sparsetsmat" 1#1 "[" 1#1 "FUN" "lapply" "sapply" "system.time" 
"is.factor" "[.sparsetsmat" 1#1 "[" 1#1 "FUN" "lapply" "sapply" "system.time" 
"[.sparsetsmat" 1#1 "[" 1#1 "FUN" "lapply" "sapply" "system.time" 
"is.numeric.Date" "is.numeric" "is.numeric" "[.sparsetsmat" 1#1 "[" 1#1 "FUN" "lapply" "sapply" "system.time" 
"is.numeric.Date" "is.numeric" "is.numeric" "[.sparsetsmat" 1#1 "[" 1#1 "FUN" "lapply" "sapply" "system.time" 
"is.numeric.Date" "is.numeric" "is.numeric" "[.sparsetsmat" 1#1 "[" 1#1 "FUN" "lapply" "sapply" "system.time" 
"is.numeric.Date" "is.numeric" "is.numeric" "[.sparsetsmat" 1#1 "[" 1#1 "FUN" "lapply" "sapply" "system.time" 
"is.numeric.Date" "is.numeric" "is.numeric" "[.sparsetsmat" 1#1 "[" 1#1 "FUN" "lapply" "sapply" "system.time" 
"is.numeric.Date" "is.numeric" "is.numeric" "[.sparsetsmat" 1#1 "[" 1#1 "FUN" "lapply" "sapply" "system.time" 
"is.numeric.Date" "is.numeric" "is.numeric" "[.sparsetsmat" 1#1 "[" 1#1 "FUN" "lapply" "sapply" "system.time" 
"is.numeric.Date" "is.numeric" "is.numeric" "[.sparsetsmat" 1#1 "[" 1#1 "FUN" "lapply" "sapply" "system.time" 
"[.sparsetsmat" 1#1 "[" 1#1 "FUN" "lapply" "sapply" "system.time" 
".Call" "stsm_xt_sqi" "[.sparsetsmat" 1#1 "[" 1#1 "FUN" "lapply" "sapply" "system.time" 
".Call" "stsm_xt_sqi" "[.sparsetsmat" 1#1 "[" 1#1 "FUN" "lapply" "sapply" "system.time" 
"[.sparsetsmat" 1#1 "[" 1#1 "FUN" "lapply" "sapply" "system.time" 
"seq" "[.sparsetsmat" 1#1 "[" 1#1 "FUN" "lapply" "sapply" "system.time" 
".Call" "stsm_xt_sqi" "[.sparsetsmat" 1#1 "[" 1#1 "FUN" "lapply" "sapply" "system.time" 
"==" "isTRUE" "[.sparsetsmat" 1#1 "[" 1#1 "FUN" "lapply" "sapply" "system.time" 
"$" "stsm_xt_sqi" "[.sparsetsmat" 1#1 "[" 1#1 "FUN" "lapply" "sapply" "system.time" 
"==" "isTRUE" "[.sparsetsmat" 1#1 "[" 1#1 "FUN" "lapply" "sapply" "system.time" 
"[.sparsetsmat" 1#1 "[" 1#1 "FUN" "lapply" "sapply" "system.time" 
"[.sparsetsmat" 1#1 "[" 1#1 "FUN" "lapply" "sapply" "system.time" 
"[.sparsetsmat" 1#1 "[" 1#1 "FUN" "lapply" "sapply" "system.time" 
"length" "length" "[.sparsetsmat" 1#1 "[" 1#1 "FUN" "lapply" "sapply" "system.time" 
"[.sparsetsmat" 1#1 "[" 1#1 "FUN" "lapply" "sapply" "system.time" 
"seq_len" "seq.default" "seq" "[.sparsetsmat" 1#1 "[" 1#1 "FUN" "lapply" "sapply" "system.time" 
"[.sparsetsmat" 1#1 "[" 1#1 "FUN" "lapply" "sapply" "system.time" 
"as.integer" "[.sparsetsmat" 1#1 "[" 1#1 "FUN" "lapply" "sapply" "system.time" 
"is.factor" "[.sparsetsmat" 1#1 "[" 1#1 "FUN" "lapply" "sapply" "system.time" 
"seq_len" "seq.default" "seq" "[.sparsetsmat" 1#1 "[" 1#1 "FUN" "lapply" "sapply" "system.time" 
".Call" "stsm_xt_sqi" "[.sparsetsmat" 1#1 "[" 1#1 "FUN" "lapply" "sapply" "system.time" 
"as.integer" "[.sparsetsmat" 1#1 "[" 1#1 "FUN" "lapply" "sapply" "system.time" 
".Call" "stsm_xt_sqi" "[.sparsetsmat" 1#1 "[" 1#1 "FUN" "lapply" "sapply" "system.time" 
"[.sparsetsmat" 1#1 "[" 1#1 "FUN" "lapply" "sapply" "system.time" 
"==" "isTRUE" "[.sparsetsmat" 1#1 "[" 1#1 "FUN" "lapply" "sapply" "system.time" 
"==" "isTRUE" "[.sparsetsmat" 1#1 "[" 1#1 "FUN" "lapply" "sapply" "system.time" 
".Call" "stsm_xt_sqi" "[.sparsetsmat" 1#1 "[" 1#1 "FUN" "lapply" "sapply" "system.time" 
"$" "[.sparsetsmat" 1#1 "[" 1#1 "FUN" "lapply" "sapply" "system.time" 
"[.sparsetsmat" 1#1 "[" 1#1 "FUN" "lapply" "sapply" "system.time" 
"[.sparsetsmat" 1#1 "[" 1#1 "FUN" "lapply" "sapply" "system.time" 
"[.sparsetsmat" 1#1 "[" 1#1 "FUN" "lapply" "sapply" "system.time" 
"[.sparsetsmat" 1#1 "[" 1#1 "FUN" "lapply" "sapply" "system.time" 
"[.sparsetsmat" 1#1 "[" 1#1 "FUN" "lapply" "sapply" "system.time" 
"[.sparsetsmat" 1#1 "[" 1#1 "FUN" "lapply" "sapply" "system.time" 
"[.sparsetsmat" 1#1 "[" 1#1 "FUN" "lapply" "sapply" "system.time" 
"[.sparsetsmat" 1#1 "[" 1#1 "FUN" "lapply" "sapply" "system.time" 
"[.sparsetsmat" 1#1 "[" 1#1 "FUN" "lapply" "sapply" "system.time" 
".Call" "stsm_xt_sqi" "[.sparsetsmat" 1#1 "[" 1#1 "FUN" "lapply" "sapply" "system.time" 
"any" "isTRUE" "[.sparsetsmat" 1#1 "[" 1#1 "FUN" "lapply" "sapply" "system.time" 
"==" "isTRUE" "[.sparsetsmat" 1#1 "[" 1#1 "FUN" "lapply" "sapply" "system.time" 
"dim" "dim" "[.sparsetsmat" 1#1 "[" 1#1 "FUN" "lapply" "sapply" "system.time" 
".Call" "stsm_xt_sqi" "[.sparsetsmat" 1#1 "[" 1#1 "FUN" "lapply" "sapply" "system.time" 
"[.sparsetsmat" 1#1 "[" 1#1 "FUN" "lapply" "sapply" "system.time" 
"seq_len" "seq.default" "seq" "[.sparsetsmat" 1#1 "[" 1#1 "FUN" "lapply" "sapply" "system.time" 
"[.sparsetsmat" 1#1 "[" 1#1 "FUN" "lapply" "sapply" "system.time" 
"is.numeric" "is.numeric" "[.sparsetsmat" 1#1 "[" 1#1 "FUN" "lapply" "sapply" "system.time" 
"==" "isTRUE" "[.sparsetsmat" 1#1 "[" 1#1 "FUN" "lapply" "sapply" "system.time" 
"[.sparsetsmat" 1#1 "[" 1#1 "FUN" "lapply" "sapply" "system.time" 
"$" "inherits" "[.sparsetsmat" 1#1 "[" 1#1 "FUN" "lapply" "sapply" "system.time" 
"[.sparsetsmat" 1#1 "[" 1#1 "FUN" "lapply" "sapply" "system.time" 
"seq" "[.sparsetsmat" 1#1 "[" 1#1 "FUN" "lapply" "sapply" "system.time" 
"[.sparsetsmat" 1#1 "[" 1#1 "FUN" "lapply" "sapply" "system.time" 
"length" "[.sparsetsmat" 1#1 "[" 1#1 "FUN" "lapply" "sapply" "system.time" 
"seq_len" "seq.default" "seq" "[.sparsetsmat" 1#1 "[" 1#1 "FUN" "lapply" "sapply" "system.time" 
"[.sparsetsmat" 1#1 "[" 1#1 "FUN" "lapply" "sapply" "system.time" 
1#1 "FUN" "lapply" "sapply" "system.time" 
"[.sparsetsmat" 1#1 "[" 1#1 "FUN" "lapply" "sapply" "system.time" 
"[.sparsetsmat" 1#1 "[" 1#1 "FUN" "lapply" "sapply" "system.time" 
"[.sparsetsmat" 1#1 "[" 1#1 "FUN" "lapply" "sapply" "system.time" 
"==" "isTRUE" "[.sparsetsmat" 1#1 "[" 1#1 "FUN" "lapply" "sapply" "system.time" 
".Call" "stsm_xt_sqi" "[.sparsetsmat" 1#1 "[" 1#1 "FUN" "lapply" "sapply" "system.time" 
"as.integer" "[.sparsetsmat" 1#1 "[" 1#1 "FUN" "lapply" "sapply" "system.time" 
"[.sparsetsmat" 1#1 "[" 1#1 "FUN" "lapply" "sapply" "system.time" 
"isTRUE" "[.sparsetsmat" 1#1 "[" 1#1 "FUN" "lapply" "sapply" "system.time" 
"==" "isTRUE" "[.sparsetsmat" 1#1 "[" 1#1 "FUN" "lapply" "sapply" "system.time" 
"==" "isTRUE" "[.sparsetsmat" 1#1 "[" 1#1 "FUN" "lapply" "sapply" "system.time" 
".Call" "stsm_xt_sqi" "[.sparsetsmat" 1#1 "[" 1#1 "FUN" "lapply" "sapply" "system.time" 
"seq_len" "seq.default" "seq" "[.sparsetsmat" 1#1 "[" 1#1 "FUN" "lapply" "sapply" "system.time" 
1#1 "[.sparsetsmat" 1#1 "[" 1#1 "FUN" "lapply" "sapply" "system.time" 
1#1 "[.sparsetsmat" 1#1 "[" 1#1 "FUN" "lapply" "sapply" "system.time" 
1#1 "[.sparsetsmat" 1#1 "[" 1#1 "FUN" "lapply" "sapply" "system.time" 
1#1 "[.sparsetsmat" 1#1 "[" 1#1 "FUN" "lapply" "sapply" "system.time" 
1#1 "[.sparsetsmat" 1#1 "[" 1#1 "FUN" "lapply" "sapply" "system.time" 
1#1 "[.sparsetsmat" 1#1 "[" 1#1 "FUN" "lapply" "sapply" "system.time" 
1#1 "[.sparsetsmat" 1#1 "[" 1#1 "FUN" "lapply" "sapply" "system.time" 
1#1 "[.sparsetsmat" 1#1 "[" 1#1 "FUN" "lapply" "sapply" "system.time" 
1#1 "[.sparsetsmat" 1#1 "[" 1#1 "FUN" "lapply" "sapply" "system.time" 
1#1 "[.sparsetsmat" 1#1 "[" 1#1 "FUN" "lapply" "sapply" "system.time" 
".Call" "stsm_xt_sqi" "[.sparsetsmat" 1#1 "[" 1#1 "FUN" "lapply" "sapply" "system.time" 
"[.sparsetsmat" 1#1 "[" 1#1 "FUN" "lapply" "sapply" "system.time" 
"[.sparsetsmat" 1#1 "[" 1#1 "FUN" "lapply" "sapply" "system.time" 
".Call" "stsm_xt_sqi" "[.sparsetsmat" 1#1 "[" 1#1 "FUN" "lapply" "sapply" "system.time" 
"[.sparsetsmat" 1#1 "[" 1#1 "FUN" "lapply" "sapply" "system.time" 
"==" "isTRUE" "[.sparsetsmat" 1#1 "[" 1#1 "FUN" "lapply" "sapply" "system.time" 
".Call" "stsm_xt_sqi" "[.sparsetsmat" 1#1 "[" 1#1 "FUN" "lapply" "sapply" "system.time" 
"==" "isTRUE" "[.sparsetsmat" 1#1 "[" 1#1 "FUN" "lapply" "sapply" "system.time" 
"[.sparsetsmat" 1#1 "[" 1#1 "FUN" "lapply" "sapply" "system.time" 
"seq" "[.sparsetsmat" 1#1 "[" 1#1 "FUN" "lapply" "sapply" "system.time" 
"[.sparsetsmat" 1#1 "[" 1#1 "FUN" "lapply" "sapply" "system.time" 
"length" "length" "[.sparsetsmat" 1#1 "[" 1#1 "FUN" "lapply" "sapply" "system.time" 
"[.sparsetsmat" 1#1 "[" 1#1 "FUN" "lapply" "sapply" "system.time" 
"seq" "[.sparsetsmat" 1#1 "[" 1#1 "FUN" "lapply" "sapply" "system.time" 
"==" "isTRUE" "[.sparsetsmat" 1#1 "[" 1#1 "FUN" "lapply" "sapply" "system.time" 
"is.factor" "[.sparsetsmat" 1#1 "[" 1#1 "FUN" "lapply" "sapply" "system.time" 
"[.sparsetsmat" 1#1 "[" 1#1 "FUN" "lapply" "sapply" "system.time" 
"as.integer" "as.integer" "[.sparsetsmat" 1#1 "[" 1#1 "FUN" "lapply" "sapply" "system.time" 
".Call" "stsm_xt_sqi" "[.sparsetsmat" 1#1 "[" 1#1 "FUN" "lapply" "sapply" "system.time" 
".Call" "stsm_xt_sqi" "[.sparsetsmat" 1#1 "[" 1#1 "FUN" "lapply" "sapply" "system.time" 
"[.sparsetsmat" 1#1 "[" 1#1 "FUN" "lapply" "sapply" "system.time" 
"$" "stsm_xt_sqi" "[.sparsetsmat" 1#1 "[" 1#1 "FUN" "lapply" "sapply" "system.time" 
"seq_len" "seq.default" "seq" "[.sparsetsmat" 1#1 "[" 1#1 "FUN" "lapply" "sapply" "system.time" 
"==" "isTRUE" "[.sparsetsmat" 1#1 "[" 1#1 "FUN" "lapply" "sapply" "system.time" 
".Call" "stsm_xt_sqi" "[.sparsetsmat" 1#1 "[" 1#1 "FUN" "lapply" "sapply" "system.time" 
".Call" "stsm_xt_sqi" "[.sparsetsmat" 1#1 "[" 1#1 "FUN" "lapply" "sapply" "system.time" 
".Call" "stsm_xt_sqi" "[.sparsetsmat" 1#1 "[" 1#1 "FUN" "lapply" "sapply" "system.time" 
"[.sparsetsmat" 1#1 "[" 1#1 "FUN" "lapply" "sapply" "system.time" 
"is.factor" "[.sparsetsmat" 1#1 "[" 1#1 "FUN" "lapply" "sapply" "system.time" 
"is.factor" "[.sparsetsmat" 1#1 "[" 1#1 "FUN" "lapply" "sapply" "system.time" 
"is.factor" "[.sparsetsmat" 1#1 "[" 1#1 "FUN" "lapply" "sapply" "system.time" 
"is.factor" "[.sparsetsmat" 1#1 "[" 1#1 "FUN" "lapply" "sapply" "system.time" 
"is.factor" "[.sparsetsmat" 1#1 "[" 1#1 "FUN" "lapply" "sapply" "system.time" 
"is.factor" "[.sparsetsmat" 1#1 "[" 1#1 "FUN" "lapply" "sapply" "system.time" 
"is.factor" "[.sparsetsmat" 1#1 "[" 1#1 "FUN" "lapply" "sapply" "system.time" 
"is.factor" "[.sparsetsmat" 1#1 "[" 1#1 "FUN" "lapply" "sapply" "system.time" 
"is.factor" "[.sparsetsmat" 1#1 "[" 1#1 "FUN" "lapply" "sapply" "system.time" 
"is.factor" "[.sparsetsmat" 1#1 "[" 1#1 "FUN" "lapply" "sapply" "system.time" 
"is.factor" "[.sparsetsmat" 1#1 "[" 1#1 "FUN" "lapply" "sapply" "system.time" 
"is.factor" "[.sparsetsmat" 1#1 "[" 1#1 "FUN" "lapply" "sapply" "system.time" 
"is.factor" "[.sparsetsmat" 1#1 "[" 1#1 "FUN" "lapply" "sapply" "system.time" 
"is.factor" "[.sparsetsmat" 1#1 "[" 1#1 "FUN" "lapply" "sapply" "system.time" 
"is.factor" "[.sparsetsmat" 1#1 "[" 1#1 "FUN" "lapply" "sapply" "system.time" 
"is.factor" "[.sparsetsmat" 1#1 "[" 1#1 "FUN" "lapply" "sapply" "system.time" 
"is.factor" "[.sparsetsmat" 1#1 "[" 1#1 "FUN" "lapply" "sapply" "system.time" 
"is.factor" "[.sparsetsmat" 1#1 "[" 1#1 "FUN" "lapply" "sapply" "system.time" 
"is.factor" "[.sparsetsmat" 1#1 "[" 1#1 "FUN" "lapply" "sapply" "system.time" 
"is.factor" "[.sparsetsmat" 1#1 "[" 1#1 "FUN" "lapply" "sapply" "system.time" 
"is.factor" "[.sparsetsmat" 1#1 "[" 1#1 "FUN" "lapply" "sapply" "system.time" 
"is.factor" "[.sparsetsmat" 1#1 "[" 1#1 "FUN" "lapply" "sapply" "system.time" 
"is.factor" "[.sparsetsmat" 1#1 "[" 1#1 "FUN" "lapply" "sapply" "system.time" 
"is.factor" "[.sparsetsmat" 1#1 "[" 1#1 "FUN" "lapply" "sapply" "system.time" 
"is.factor" "[.sparsetsmat" 1#1 "[" 1#1 "FUN" "lapply" "sapply" "system.time" 
"is.factor" "[.sparsetsmat" 1#1 "[" 1#1 "FUN" "lapply" "sapply" "system.time" 
"is.factor" "[.sparsetsmat" 1#1 "[" 1#1 "FUN" "lapply" "sapply" "system.time" 
"is.factor" "[.sparsetsmat" 1#1 "[" 1#1 "FUN" "lapply" "sapply" "system.time" 
"is.factor" "[.sparsetsmat" 1#1 "[" 1#1 "FUN" "lapply" "sapply" "system.time" 
"is.factor" "[.sparsetsmat" 1#1 "[" 1#1 "FUN" "lapply" "sapply" "system.time" 
"is.factor" "[.sparsetsmat" 1#1 "[" 1#1 "FUN" "lapply" "sapply" "system.time" 
"is.factor" "[.sparsetsmat" 1#1 "[" 1#1 "FUN" "lapply" "sapply" "system.time" 
"is.factor" "[.sparsetsmat" 1#1 "[" 1#1 "FUN" "lapply" "sapply" "system.time" 
"is.factor" "[.sparsetsmat" 1#1 "[" 1#1 "FUN" "lapply" "sapply" "system.time" 
"is.factor" "[.sparsetsmat" 1#1 "[" 1#1 "FUN" "lapply" "sapply" "system.time" 
"is.factor" "[.sparsetsmat" 1#1 "[" 1#1 "FUN" "lapply" "sapply" "system.time" 
"is.factor" "[.sparsetsmat" 1#1 "[" 1#1 "FUN" "lapply" "sapply" "system.time" 
"is.factor" "[.sparsetsmat" 1#1 "[" 1#1 "FUN" "lapply" "sapply" "system.time" 
"seq_len" "seq.default" "seq" "[.sparsetsmat" 1#1 "[" 1#1 "FUN" "lapply" "sapply" "system.time" 
"[.sparsetsmat" 1#1 "[" 1#1 "FUN" "lapply" "sapply" "system.time" 
"[.sparsetsmat" 1#1 "[" 1#1 "FUN" "lapply" "sapply" "system.time" 
"is.factor" "[.sparsetsmat" 1#1 "[" 1#1 "FUN" "lapply" "sapply" "system.time" 
"seq_len" "seq.default" "seq" "[.sparsetsmat" 1#1 "[" 1#1 "FUN" "lapply" "sapply" "system.time" 
"[.sparsetsmat" 1#1 "[" 1#1 "FUN" "lapply" "sapply" "system.time" 
"==" "isTRUE" "[.sparsetsmat" 1#1 "[" 1#1 "FUN" "lapply" "sapply" "system.time" 
"$" "[.sparsetsmat" 1#1 "[" 1#1 "FUN" "lapply" "sapply" "system.time" 
"==" "isTRUE" "[.sparsetsmat" 1#1 "[" 1#1 "FUN" "lapply" "sapply" "system.time" 
".Call" "stsm_xt_sqi" "[.sparsetsmat" 1#1 "[" 1#1 "FUN" "lapply" "sapply" "system.time" 
"length" "length" "[.sparsetsmat" 1#1 "[" 1#1 "FUN" "lapply" "sapply" "system.time" 
".Call" "stsm_xt_sqi" "[.sparsetsmat" 1#1 "[" 1#1 "FUN" "lapply" "sapply" "system.time" 
".Call" "stsm_xt_sqi" "[.sparsetsmat" 1#1 "[" 1#1 "FUN" "lapply" "sapply" "system.time" 
"as.integer" "[.sparsetsmat" 1#1 "[" 1#1 "FUN" "lapply" "sapply" "system.time" 
"[.sparsetsmat" 1#1 "[" 1#1 "FUN" "lapply" "sapply" "system.time" 
"any" "isTRUE" "[.sparsetsmat" 1#1 "[" 1#1 "FUN" "lapply" "sapply" "system.time" 
"[.sparsetsmat" 1#1 "[" 1#1 "FUN" "lapply" "sapply" "system.time" 
".Call" "stsm_xt_sqi" "[.sparsetsmat" 1#1 "[" 1#1 "FUN" "lapply" "sapply" "system.time" 
"[.sparsetsmat" 1#1 "[" 1#1 "FUN" "lapply" "sapply" "system.time" 
"[.sparsetsmat" 1#1 "[" 1#1 "FUN" "lapply" "sapply" "system.time" 
"[.sparsetsmat" 1#1 "[" 1#1 "FUN" "lapply" "sapply" "system.time" 
"is.factor.default" "is.factor" "[.sparsetsmat" 1#1 "[" 1#1 "FUN" "lapply" "sapply" "system.time" 
"[.sparsetsmat" 1#1 "[" 1#1 "FUN" "lapply" "sapply" "system.time" 
"==" "isTRUE" "[.sparsetsmat" 1#1 "[" 1#1 "FUN" "lapply" "sapply" "system.time" 
"$" "[.sparsetsmat" 1#1 "[" 1#1 "FUN" "lapply" "sapply" "system.time" 
"$" "stsm_xt_sqi" "[.sparsetsmat" 1#1 "[" 1#1 "FUN" "lapply" "sapply" "system.time" 
"&" "[.sparsetsmat" 1#1 "[" 1#1 "FUN" "lapply" "sapply" "system.time" 
"[.sparsetsmat" 1#1 "[" 1#1 "FUN" "lapply" "sapply" "system.time" 
"seq" "[.sparsetsmat" 1#1 "[" 1#1 "FUN" "lapply" "sapply" "system.time" 
"==" "isTRUE" "[.sparsetsmat" 1#1 "[" 1#1 "FUN" "lapply" "sapply" "system.time" 
"$" "stsm_xt_sqi" "[.sparsetsmat" 1#1 "[" 1#1 "FUN" "lapply" "sapply" "system.time" 
"as.integer" "[.sparsetsmat" 1#1 "[" 1#1 "FUN" "lapply" "sapply" "system.time" 
"[.sparsetsmat" 1#1 "[" 1#1 "FUN" "lapply" "sapply" "system.time" 
"is.factor" "[.sparsetsmat" 1#1 "[" 1#1 "FUN" "lapply" "sapply" "system.time" 
"length" "[.sparsetsmat" 1#1 "[" 1#1 "FUN" "lapply" "sapply" "system.time" 
"length" "[.sparsetsmat" 1#1 "[" 1#1 "FUN" "lapply" "sapply" "system.time" 
"length" "[.sparsetsmat" 1#1 "[" 1#1 "FUN" "lapply" "sapply" "system.time" 
"length" "[.sparsetsmat" 1#1 "[" 1#1 "FUN" "lapply" "sapply" "system.time" 
"length" "[.sparsetsmat" 1#1 "[" 1#1 "FUN" "lapply" "sapply" "system.time" 
"length" "[.sparsetsmat" 1#1 "[" 1#1 "FUN" "lapply" "sapply" "system.time" 
"length" "[.sparsetsmat" 1#1 "[" 1#1 "FUN" "lapply" "sapply" "system.time" 
"length" "[.sparsetsmat" 1#1 "[" 1#1 "FUN" "lapply" "sapply" "system.time" 
"length" "[.sparsetsmat" 1#1 "[" 1#1 "FUN" "lapply" "sapply" "system.time" 
"[.sparsetsmat" 1#1 "[" 1#1 "FUN" "lapply" "sapply" "system.time" 
".Call" "stsm_xt_sqi" "[.sparsetsmat" 1#1 "[" 1#1 "FUN" "lapply" "sapply" "system.time" 
"$" "[.sparsetsmat" 1#1 "[" 1#1 "FUN" "lapply" "sapply" "system.time" 
"is.factor" "[.sparsetsmat" 1#1 "[" 1#1 "FUN" "lapply" "sapply" "system.time" 
".Call" "stsm_xt_sqi" "[.sparsetsmat" 1#1 "[" 1#1 "FUN" "lapply" "sapply" "system.time" 
"as.integer" "[.sparsetsmat" 1#1 "[" 1#1 "FUN" "lapply" "sapply" "system.time" 
"as.integer" "as.integer" "[.sparsetsmat" 1#1 "[" 1#1 "FUN" "lapply" "sapply" "system.time" 
"seq" "[.sparsetsmat" 1#1 "[" 1#1 "FUN" "lapply" "sapply" "system.time" 
"is.factor" "[.sparsetsmat" 1#1 "[" 1#1 "FUN" "lapply" "sapply" "system.time" 
".Call" "stsm_xt_sqi" "[.sparsetsmat" 1#1 "[" 1#1 "FUN" "lapply" "sapply" "system.time" 
"[.sparsetsmat" 1#1 "[" 1#1 "FUN" "lapply" "sapply" "system.time" 
".Call" "stsm_xt_sqi" "[.sparsetsmat" 1#1 "[" 1#1 "FUN" "lapply" "sapply" "system.time" 
"length" "length" "[.sparsetsmat" 1#1 "[" 1#1 "FUN" "lapply" "sapply" "system.time" 
"[.sparsetsmat" 1#1 "[" 1#1 "FUN" "lapply" "sapply" "system.time" 
".Call" "stsm_xt_sqi" "[.sparsetsmat" 1#1 "[" 1#1 "FUN" "lapply" "sapply" "system.time" 
"nargs" "seq.default" "seq" "[.sparsetsmat" 1#1 "[" 1#1 "FUN" "lapply" "sapply" "system.time" 
"==" "isTRUE" "[.sparsetsmat" 1#1 "[" 1#1 "FUN" "lapply" "sapply" "system.time" 
"[.sparsetsmat" 1#1 "[" 1#1 "FUN" "lapply" "sapply" "system.time" 
"$" "[.sparsetsmat" 1#1 "[" 1#1 "FUN" "lapply" "sapply" "system.time" 
"[.sparsetsmat" 1#1 "[" 1#1 "FUN" "lapply" "sapply" "system.time" 
"seq_len" "seq.default" "seq" "[.sparsetsmat" 1#1 "[" 1#1 "FUN" "lapply" "sapply" "system.time" 
"!" "[.sparsetsmat" 1#1 "[" 1#1 "FUN" "lapply" "sapply" "system.time" 
"is.factor.default" "is.factor" "[.sparsetsmat" 1#1 "[" 1#1 "FUN" "lapply" "sapply" "system.time" 
"[.sparsetsmat" 1#1 "[" 1#1 "FUN" "lapply" "sapply" "system.time" 
"$" "stsm_xt_sqi" "[.sparsetsmat" 1#1 "[" 1#1 "FUN" "lapply" "sapply" "system.time" 
"==" "isTRUE" "[.sparsetsmat" 1#1 "[" 1#1 "FUN" "lapply" "sapply" "system.time" 
"[.sparsetsmat" 1#1 "[" 1#1 "FUN" "lapply" "sapply" "system.time" 
"==" "isTRUE" "[.sparsetsmat" 1#1 "[" 1#1 "FUN" "lapply" "sapply" "system.time" 
"is.factor" "[.sparsetsmat" 1#1 "[" 1#1 "FUN" "lapply" "sapply" "system.time" 
".Call" "stsm_xt_sqi" "[.sparsetsmat" 1#1 "[" 1#1 "FUN" "lapply" "sapply" "system.time" 
"stsm_xt_sqi" "[.sparsetsmat" 1#1 "[" 1#1 "FUN" "lapply" "sapply" "system.time" 
"[.sparsetsmat" 1#1 "[" 1#1 "FUN" "lapply" "sapply" "system.time" 
"[.sparsetsmat" 1#1 "[" 1#1 "FUN" "lapply" "sapply" "system.time" 
"[.sparsetsmat" 1#1 "[" 1#1 "FUN" "lapply" "sapply" "system.time" 
"[.sparsetsmat" 1#1 "[" 1#1 "FUN" "lapply" "sapply" "system.time" 
"[.sparsetsmat" 1#1 "[" 1#1 "FUN" "lapply" "sapply" "system.time" 
"[.sparsetsmat" 1#1 "[" 1#1 "FUN" "lapply" "sapply" "system.time" 
"[.sparsetsmat" 1#1 "[" 1#1 "FUN" "lapply" "sapply" "system.time" 
"[.sparsetsmat" 1#1 "[" 1#1 "FUN" "lapply" "sapply" "system.time" 
"[.sparsetsmat" 1#1 "[" 1#1 "FUN" "lapply" "sapply" "system.time" 
"[.sparsetsmat" 1#1 "[" 1#1 "FUN" "lapply" "sapply" "system.time" 
"[.sparsetsmat" 1#1 "[" 1#1 "FUN" "lapply" "sapply" "system.time" 
"[.sparsetsmat" 1#1 "[" 1#1 "FUN" "lapply" "sapply" "system.time" 
"[.sparsetsmat" 1#1 "[" 1#1 "FUN" "lapply" "sapply" "system.time" 
"length" "length" "[.sparsetsmat" 1#1 "[" 1#1 "FUN" "lapply" "sapply" "system.time" 
1#1 "[.sparsetsmat" 1#1 "[" 1#1 "FUN" "lapply" "sapply" "system.time" 
"seq" "[.sparsetsmat" 1#1 "[" 1#1 "FUN" "lapply" "sapply" "system.time" 
"[.sparsetsmat" 1#1 "[" 1#1 "FUN" "lapply" "sapply" "system.time" 
"[.sparsetsmat" 1#1 "[" 1#1 "FUN" "lapply" "sapply" "system.time" 
".Call" "stsm_xt_sqi" "[.sparsetsmat" 1#1 "[" 1#1 "FUN" "lapply" "sapply" "system.time" 
".Call" "stsm_xt_sqi" "[.sparsetsmat" 1#1 "[" 1#1 "FUN" "lapply" "sapply" "system.time" 
"length" "length" "[.sparsetsmat" 1#1 "[" 1#1 "FUN" "lapply" "sapply" "system.time" 
"[.sparsetsmat" 1#1 "[" 1#1 "FUN" "lapply" "sapply" "system.time" 
"lapply" "sapply" "system.time" 
".Call" "stsm_xt_sqi" "[.sparsetsmat" 1#1 "[" 1#1 "FUN" "lapply" "sapply" "system.time" 
"seq_len" "seq.default" "seq" "[.sparsetsmat" 1#1 "[" 1#1 "FUN" "lapply" "sapply" "system.time" 
".Call" "stsm_xt_sqi" "[.sparsetsmat" 1#1 "[" 1#1 "FUN" "lapply" "sapply" "system.time" 
"[.sparsetsmat" 1#1 "[" 1#1 "FUN" "lapply" "sapply" "system.time" 
"[.sparsetsmat" 1#1 "[" 1#1 "FUN" "lapply" "sapply" "system.time" 
"stsm_xt_sqi" "[.sparsetsmat" 1#1 "[" 1#1 "FUN" "lapply" "sapply" "system.time" 
"[.sparsetsmat" 1#1 "[" 1#1 "FUN" "lapply" "sapply" "system.time" 
"==" "isTRUE" "[.sparsetsmat" 1#1 "[" 1#1 "FUN" "lapply" "sapply" "system.time" 
".Call" "stsm_xt_sqi" "[.sparsetsmat" 1#1 "[" 1#1 "FUN" "lapply" "sapply" "system.time" 
"length" "length" "[.sparsetsmat" 1#1 "[" 1#1 "FUN" "lapply" "sapply" "system.time" 
"[.sparsetsmat" 1#1 "[" 1#1 "FUN" "lapply" "sapply" "system.time" 
"[.sparsetsmat" 1#1 "[" 1#1 "FUN" "lapply" "sapply" "system.time" 
"[.sparsetsmat" 1#1 "[" 1#1 "FUN" "lapply" "sapply" "system.time" 
"[.sparsetsmat" 1#1 "[" 1#1 "FUN" "lapply" "sapply" "system.time" 
"as.integer" "[.sparsetsmat" 1#1 "[" 1#1 "FUN" "lapply" "sapply" "system.time" 
1#1 "[" 1#1 "FUN" "lapply" "sapply" "system.time" 
"==" "isTRUE" "[.sparsetsmat" 1#1 "[" 1#1 "FUN" "lapply" "sapply" "system.time" 
"[.sparsetsmat" 1#1 "[" 1#1 "FUN" "lapply" "sapply" "system.time" 
".Call" "stsm_xt_sqi" "[.sparsetsmat" 1#1 "[" 1#1 "FUN" "lapply" "sapply" "system.time" 
"seq" "[.sparsetsmat" 1#1 "[" 1#1 "FUN" "lapply" "sapply" "system.time" 
"[.sparsetsmat" 1#1 "[" 1#1 "FUN" "lapply" "sapply" "system.time" 
"length" "length" "[.sparsetsmat" 1#1 "[" 1#1 "FUN" "lapply" "sapply" "system.time" 
"seq_len" "seq.default" "seq" "[.sparsetsmat" 1#1 "[" 1#1 "FUN" "lapply" "sapply" "system.time" 
"[.sparsetsmat" 1#1 "[" 1#1 "FUN" "lapply" "sapply" "system.time" 
"==" "isTRUE" "[.sparsetsmat" 1#1 "[" 1#1 "FUN" "lapply" "sapply" "system.time" 
"stsm_xt_sqi" "[.sparsetsmat" 1#1 "[" 1#1 "FUN" "lapply" "sapply" "system.time" 
"[.sparsetsmat" 1#1 "[" 1#1 "FUN" "lapply" "sapply" "system.time" 
1#1 "[.sparsetsmat" 1#1 "[" 1#1 "FUN" "lapply" "sapply" "system.time" 
1#1 "[.sparsetsmat" 1#1 "[" 1#1 "FUN" "lapply" "sapply" "system.time" 
1#1 "[.sparsetsmat" 1#1 "[" 1#1 "FUN" "lapply" "sapply" "system.time" 
1#1 "[.sparsetsmat" 1#1 "[" 1#1 "FUN" "lapply" "sapply" "system.time" 
1#1 "[.sparsetsmat" 1#1 "[" 1#1 "FUN" "lapply" "sapply" "system.time" 
1#1 "[.sparsetsmat" 1#1 "[" 1#1 "FUN" "lapply" "sapply" "system.time" 
1#1 "[.sparsetsmat" 1#1 "[" 1#1 "FUN" "lapply" "sapply" "system.time" 
1#1 "[.sparsetsmat" 1#1 "[" 1#1 "FUN" "lapply" "sapply" "system.time" 
"[.sparsetsmat" 1#1 "[" 1#1 "FUN" "lapply" "sapply" "system.time" 
".Call" "stsm_xt_sqi" "[.sparsetsmat" 1#1 "[" 1#1 "FUN" "lapply" "sapply" "system.time" 
".Call" "stsm_xt_sqi" "[.sparsetsmat" 1#1 "[" 1#1 "FUN" "lapply" "sapply" "system.time" 
".Call" "stsm_xt_sqi" "[.sparsetsmat" 1#1 "[" 1#1 "FUN" "lapply" "sapply" "system.time" 
"[.sparsetsmat" 1#1 "[" 1#1 "FUN" "lapply" "sapply" "system.time" 
"as.integer" "[.sparsetsmat" 1#1 "[" 1#1 "FUN" "lapply" "sapply" "system.time" 
"$" "stsm_xt_sqi" "[.sparsetsmat" 1#1 "[" 1#1 "FUN" "lapply" "sapply" "system.time" 
"length" "length" "[.sparsetsmat" 1#1 "[" 1#1 "FUN" "lapply" "sapply" "system.time" 
"[.sparsetsmat" 1#1 "[" 1#1 "FUN" "lapply" "sapply" "system.time" 
"is.factor" "[.sparsetsmat" 1#1 "[" 1#1 "FUN" "lapply" "sapply" "system.time" 
".Call" "stsm_xt_sqi" "[.sparsetsmat" 1#1 "[" 1#1 "FUN" "lapply" "sapply" "system.time" 
"==" "isTRUE" "[.sparsetsmat" 1#1 "[" 1#1 "FUN" "lapply" "sapply" "system.time" 
"is.character" "[.sparsetsmat" 1#1 "[" 1#1 "FUN" "lapply" "sapply" "system.time" 
"[.sparsetsmat" 1#1 "[" 1#1 "FUN" "lapply" "sapply" "system.time" 
"[.sparsetsmat" 1#1 "[" 1#1 "FUN" "lapply" "sapply" "system.time" 
"==" "isTRUE" "[.sparsetsmat" 1#1 "[" 1#1 "FUN" "lapply" "sapply" "system.time" 
"as.integer" "[.sparsetsmat" 1#1 "[" 1#1 "FUN" "lapply" "sapply" "system.time" 
".Call" "stsm_xt_sqi" "[.sparsetsmat" 1#1 "[" 1#1 "FUN" "lapply" "sapply" "system.time" 
"==" "isTRUE" "[.sparsetsmat" 1#1 "[" 1#1 "FUN" "lapply" "sapply" "system.time" 
"seq" "[.sparsetsmat" 1#1 "[" 1#1 "FUN" "lapply" "sapply" "system.time" 
"seq_len" "seq.default" "seq" "[.sparsetsmat" 1#1 "[" 1#1 "FUN" "lapply" "sapply" "system.time" 
"[.sparsetsmat" 1#1 "[" 1#1 "FUN" "lapply" "sapply" "system.time" 
"as.integer" "[.sparsetsmat" 1#1 "[" 1#1 "FUN" "lapply" "sapply" "system.time" 
"length" "[.sparsetsmat" 1#1 "[" 1#1 "FUN" "lapply" "sapply" "system.time" 
"==" "isTRUE" "[.sparsetsmat" 1#1 "[" 1#1 "FUN" "lapply" "sapply" "system.time" 
"[.sparsetsmat" 1#1 "[" 1#1 "FUN" "lapply" "sapply" "system.time" 
".Call" "stsm_xt_sqi" "[.sparsetsmat" 1#1 "[" 1#1 "FUN" "lapply" "sapply" "system.time" 
"==" "isTRUE" "[.sparsetsmat" 1#1 "[" 1#1 "FUN" "lapply" "sapply" "system.time" 
"as.integer" "[.sparsetsmat" 1#1 "[" 1#1 "FUN" "lapply" "sapply" "system.time" 
"[.sparsetsmat" 1#1 "[" 1#1 "FUN" "lapply" "sapply" "system.time" 
"any" "[.sparsetsmat" 1#1 "[" 1#1 "FUN" "lapply" "sapply" "system.time" 
"any" "[.sparsetsmat" 1#1 "[" 1#1 "FUN" "lapply" "sapply" "system.time" 
"any" "[.sparsetsmat" 1#1 "[" 1#1 "FUN" "lapply" "sapply" "system.time" 
"any" "[.sparsetsmat" 1#1 "[" 1#1 "FUN" "lapply" "sapply" "system.time" 
"any" "[.sparsetsmat" 1#1 "[" 1#1 "FUN" "lapply" "sapply" "system.time" 
"any" "[.sparsetsmat" 1#1 "[" 1#1 "FUN" "lapply" "sapply" "system.time" 
"any" "[.sparsetsmat" 1#1 "[" 1#1 "FUN" "lapply" "sapply" "system.time" 
"any" "[.sparsetsmat" 1#1 "[" 1#1 "FUN" "lapply" "sapply" "system.time" 
"as.integer" "as.integer" "[.sparsetsmat" 1#1 "[" 1#1 "FUN" "lapply" "sapply" "system.time" 
"$" "stsm_xt_sqi" "[.sparsetsmat" 1#1 "[" 1#1 "FUN" "lapply" "sapply" "system.time" 
"$" "inherits" "[.sparsetsmat" 1#1 "[" 1#1 "FUN" "lapply" "sapply" "system.time" 
".Call" "stsm_xt_sqi" "[.sparsetsmat" 1#1 "[" 1#1 "FUN" "lapply" "sapply" "system.time" 
"[.sparsetsmat" 1#1 "[" 1#1 "FUN" "lapply" "sapply" "system.time" 
"[.sparsetsmat" 1#1 "[" 1#1 "FUN" "lapply" "sapply" "system.time" 
"[.sparsetsmat" 1#1 "[" 1#1 "FUN" "lapply" "sapply" "system.time" 
"stsm_xt_sqi" "[.sparsetsmat" 1#1 "[" 1#1 "FUN" "lapply" "sapply" "system.time" 
"is.factor" "[.sparsetsmat" 1#1 "[" 1#1 "FUN" "lapply" "sapply" "system.time" 
"$" "[.sparsetsmat" 1#1 "[" 1#1 "FUN" "lapply" "sapply" "system.time" 
"seq_len" "seq.default" "seq" "[.sparsetsmat" 1#1 "[" 1#1 "FUN" "lapply" "sapply" "system.time" 
"$" "stsm_xt_sqi" "[.sparsetsmat" 1#1 "[" 1#1 "FUN" "lapply" "sapply" "system.time" 
".Call" "stsm_xt_sqi" "[.sparsetsmat" 1#1 "[" 1#1 "FUN" "lapply" "sapply" "system.time" 
"$" "stsm_xt_sqi" "[.sparsetsmat" 1#1 "[" 1#1 "FUN" "lapply" "sapply" "system.time" 
".Call" "stsm_xt_sqi" "[.sparsetsmat" 1#1 "[" 1#1 "FUN" "lapply" "sapply" "system.time" 
"==" "isTRUE" "[.sparsetsmat" 1#1 "[" 1#1 "FUN" "lapply" "sapply" "system.time" 
"$" "[.sparsetsmat" 1#1 "[" 1#1 "FUN" "lapply" "sapply" "system.time" 
"==" "isTRUE" "[.sparsetsmat" 1#1 "[" 1#1 "FUN" "lapply" "sapply" "system.time" 
"stsm_xt_sqi" "[.sparsetsmat" 1#1 "[" 1#1 "FUN" "lapply" "sapply" "system.time" 
"==" "isTRUE" "[.sparsetsmat" 1#1 "[" 1#1 "FUN" "lapply" "sapply" "system.time" 
"[.sparsetsmat" 1#1 "[" 1#1 "FUN" "lapply" "sapply" "system.time" 
"[.sparsetsmat" 1#1 "[" 1#1 "FUN" "lapply" "sapply" "system.time" 
"$" "[.sparsetsmat" 1#1 "[" 1#1 "FUN" "lapply" "sapply" "system.time" 
"seq_len" "seq.default" "seq" "[.sparsetsmat" 1#1 "[" 1#1 "FUN" "lapply" "sapply" "system.time" 
"[.sparsetsmat" 1#1 "[" 1#1 "FUN" "lapply" "sapply" "system.time" 
".Call" "stsm_xt_sqi" "[.sparsetsmat" 1#1 "[" 1#1 "FUN" "lapply" "sapply" "system.time" 
"[.sparsetsmat" 1#1 "[" 1#1 "FUN" "lapply" "sapply" "system.time" 
"as.integer" "[.sparsetsmat" 1#1 "[" 1#1 "FUN" "lapply" "sapply" "system.time" 
"[.sparsetsmat" 1#1 "[" 1#1 "FUN" "lapply" "sapply" "system.time" 
"dim" "dim" "[.sparsetsmat" 1#1 "[" 1#1 "FUN" "lapply" "sapply" "system.time" 
"==" "isTRUE" "[.sparsetsmat" 1#1 "[" 1#1 "FUN" "lapply" "sapply" "system.time" 
"[.sparsetsmat" 1#1 "[" 1#1 "FUN" "lapply" "sapply" "system.time" 
"[.sparsetsmat" 1#1 "[" 1#1 "FUN" "lapply" "sapply" "system.time" 
"[.sparsetsmat" 1#1 "[" 1#1 "FUN" "lapply" "sapply" "system.time" 
"[.sparsetsmat" 1#1 "[" 1#1 "FUN" "lapply" "sapply" "system.time" 
"[.sparsetsmat" 1#1 "[" 1#1 "FUN" "lapply" "sapply" "system.time" 
"[.sparsetsmat" 1#1 "[" 1#1 "FUN" "lapply" "sapply" "system.time" 
"[.sparsetsmat" 1#1 "[" 1#1 "FUN" "lapply" "sapply" "system.time" 
"[.sparsetsmat" 1#1 "[" 1#1 "FUN" "lapply" "sapply" "system.time" 
"[.sparsetsmat" 1#1 "[" 1#1 "FUN" "lapply" "sapply" "system.time" 
"is.integer" "[.sparsetsmat" 1#1 "[" 1#1 "FUN" "lapply" "sapply" "system.time" 
"$" "inherits" "[.sparsetsmat" 1#1 "[" 1#1 "FUN" "lapply" "sapply" "system.time" 
"is.factor" "[.sparsetsmat" 1#1 "[" 1#1 "FUN" "lapply" "sapply" "system.time" 
"FUN" "lapply" "unlist" "unique" "simplify2array" "sapply" "system.time" 
"proc.time" "system.time" 
